ChipScope Core Inserter Log - Created Fri Feb 18 10:43:30 CET 2011
Release 12.1 ChipScope Core Inserter 12100.10.99.1220
Copyright (c) 1999-2010 Xilinx Inc, All Rights Reserved.

Command Line: inserter -mode setup -ise_project_dir C:/Workspace/EMB/WB_shell/HDL/ise -proj dbg.cdc -intstyle ise -dd C:/Workspace/EMB/WB_shell/HDL/ise/_ngo -uc C:/Workspace/EMB/WB_shell/HDL/src/wb_shell.ucf -p xa3s400a-ftg256-4 C:/Workspace/EMB/WB_shell/HDL/ise/Wrapper.ngc Wrapper_cs.ngc 

ngcbuild.exe -dd C:/Workspace/EMB/WB_shell/HDL/ise/_ngo -p xa3s400a-ftg256-4 -i C:\Workspace\EMB\WB_shell\HDL\ise\Wrapper.ngc C:\Workspace\EMB\WB_shell\HDL\ise\Wrapper_cs.ngc
    Release 12.1 - ngcbuild M.53d (nt)
    Copyright (c) 1995-2010 Xilinx, Inc.  All rights reserved.
    
    Command Line: ngcbuild.exe -dd C:/Workspace/EMB/WB_shell/HDL/ise/_ngo -p
    xa3s400a-ftg256-4 -i C:\Workspace\EMB\WB_shell\HDL\ise\Wrapper.ngc
    C:\Workspace\EMB\WB_shell\HDL\ise\Wrapper_cs.ngc
    
    Reading NGO file "C:/Workspace/EMB/WB_shell/HDL/ise/Wrapper.ngc" ...
    
    Partition Implementation Status
    -------------------------------
    
      No Partitions were found in this design.
    
    -------------------------------
    
    NGCBUILD Design Results Summary:
      Number of errors:     0
      Number of warnings:   0
    
    Writing NGC file "C:/Workspace/EMB/WB_shell/HDL/ise/Wrapper_cs.ngc" ...
    Total REAL time to NGCBUILD completion:  2 sec
    Total CPU time to NGCBUILD completion:   2 sec
    
    Writing NGCBUILD log file "C:/Workspace/EMB/WB_shell/HDL/ise/Wrapper_cs.blc"...
    
    NGCBUILD done.
Loading CDC project C:\Workspace\EMB\WB_shell\HDL\ise\dbg.cdc
Successfully read project C:\Workspace\EMB\WB_shell\HDL\ise\dbg.cdc
copy C:\Workspace\EMB\WB_shell\HDL\ise\Wrapper_cs.ngc => C:\Workspace\EMB\WB_shell\HDL\ise\_ngo\Wrapper_cs_signalbrowser.ngo
show SignalBrowserDialog
Successfully Wrote Project C:\Workspace\EMB\WB_shell\HDL\ise\dbg.cdc
