Release 12.1 Map M.53d (nt)
Xilinx Mapping Report File for Design 'Wrapper'

Design Information
------------------
Command Line   : map -intstyle ise -p xa3s400a-ftg256-4 -cm area -ir off -pr off
-c 100 -o Wrapper_map.ncd Wrapper.ngd Wrapper.pcf 
Target Device  : xa3s400a
Target Package : ftg256
Target Speed   : -4
Mapper Version : aspartan3a -- $Revision: 1.52 $
Mapped Date    : Wed Apr 27 09:15:37 2011

Design Summary
--------------
Number of errors:      0
Number of warnings:   67
Logic Utilization:
  Total Number Slice Registers:         556 out of   7,168    7%
    Number used as Flip Flops:          555
    Number used as Latches:               1
  Number of 4 input LUTs:               472 out of   7,168    6%
Logic Distribution:
  Number of occupied Slices:            523 out of   3,584   14%
    Number of Slices containing only related logic:     523 out of     523 100%
    Number of Slices containing unrelated logic:          0 out of     523   0%
      *See NOTES below for an explanation of the effects of unrelated logic.
  Total Number of 4 input LUTs:         527 out of   7,168    7%
    Number used as logic:               334
    Number used as a route-thru:         55
    Number used as Shift registers:     138

  The Slice Logic Distribution report is not meaningful if the design is
  over-mapped for a non-slice resource or if Placement fails.

  Number of bonded IOBs:                 37 out of     195   18%
  Number of BUFGMUXs:                     2 out of      24    8%
  Number of DCMs:                         1 out of       4   25%
  Number of BSCANs:                       1 out of       1  100%
  Number of BSCAN_SPARTAN3As:             1 out of       1  100%
  Number of RAMB16BWEs:                   2 out of      20   10%

  Number of RPM macros:           17
Average Fanout of Non-Clock Nets:                2.77

Peak Memory Usage:  163 MB
Total REAL time to MAP completion:  9 secs 
Total CPU time to MAP completion:   3 secs 

NOTES:

   Related logic is defined as being logic that shares connectivity - e.g. two
   LUTs are "related" if they share common inputs.  When assembling slices,
   Map gives priority to combine logic that is related.  Doing so results in
   the best timing performance.

   Unrelated logic shares no connectivity.  Map will only begin packing
   unrelated logic into a slice once 99% of the slices are occupied through
   related logic packing.

   Note that once logic distribution reaches the 99% level through related
   logic packing, this does not mean the device is completely utilized.
   Unrelated logic packing will then begin, continuing until all usable LUTs
   and FFs are occupied.  Depending on your timing budget, increased levels of
   unrelated logic packing may adversely affect the overall timing performance
   of your design.

Table of Contents
-----------------
Section 1 - Errors
Section 2 - Warnings
Section 3 - Informational
Section 4 - Removed Logic Summary
Section 5 - Removed Logic
Section 6 - IOB Properties
Section 7 - RPMs
Section 8 - Guide Report
Section 9 - Area Group and Partition Summary
Section 10 - Timing Report
Section 11 - Configuration String Information
Section 12 - Control Set Information
Section 13 - Utilization by Hierarchy

Section 1 - Errors
------------------

Section 2 - Warnings
--------------------
WARNING:MapLib:41 - All members of TNM group "ALLCLOCKNETS" have been optimized
   out of the design.
WARNING:MapLib:50 - The period specification "TS_Clock" has been discarded
   because the group "ALLCLOCKNETS" has been optimized away.
WARNING:PhysDesignRules:372 - Gated clock. Clock net icon_control0<13> is
   sourced by a combinatorial pin. This is not good design practice. Use the CE
   pin to control the loading of data into the flip-flop.
WARNING:PhysDesignRules:812 - Dangling pin <DOB0> on
   block:<U_ila_pro_0/U0/I_NO_D.U_ILA/U_CAPSTOR/I_CASE1.I_NO_TB.I_RT1.U_RAM/G_BR
   AM[1].U_BRAM/ram_rt1_s1_s32_if.ram_rt1_s1_s32_i>:<RAMB16BWE_RAMB16BWE>.
WARNING:PhysDesignRules:812 - Dangling pin <DOB1> on
   block:<U_ila_pro_0/U0/I_NO_D.U_ILA/U_CAPSTOR/I_CASE1.I_NO_TB.I_RT1.U_RAM/G_BR
   AM[1].U_BRAM/ram_rt1_s1_s32_if.ram_rt1_s1_s32_i>:<RAMB16BWE_RAMB16BWE>.
WARNING:PhysDesignRules:812 - Dangling pin <DOB2> on
   block:<U_ila_pro_0/U0/I_NO_D.U_ILA/U_CAPSTOR/I_CASE1.I_NO_TB.I_RT1.U_RAM/G_BR
   AM[1].U_BRAM/ram_rt1_s1_s32_if.ram_rt1_s1_s32_i>:<RAMB16BWE_RAMB16BWE>.
WARNING:PhysDesignRules:812 - Dangling pin <DOB3> on
   block:<U_ila_pro_0/U0/I_NO_D.U_ILA/U_CAPSTOR/I_CASE1.I_NO_TB.I_RT1.U_RAM/G_BR
   AM[1].U_BRAM/ram_rt1_s1_s32_if.ram_rt1_s1_s32_i>:<RAMB16BWE_RAMB16BWE>.
WARNING:PhysDesignRules:812 - Dangling pin <DOB4> on
   block:<U_ila_pro_0/U0/I_NO_D.U_ILA/U_CAPSTOR/I_CASE1.I_NO_TB.I_RT1.U_RAM/G_BR
   AM[1].U_BRAM/ram_rt1_s1_s32_if.ram_rt1_s1_s32_i>:<RAMB16BWE_RAMB16BWE>.
WARNING:PhysDesignRules:812 - Dangling pin <DOB5> on
   block:<U_ila_pro_0/U0/I_NO_D.U_ILA/U_CAPSTOR/I_CASE1.I_NO_TB.I_RT1.U_RAM/G_BR
   AM[1].U_BRAM/ram_rt1_s1_s32_if.ram_rt1_s1_s32_i>:<RAMB16BWE_RAMB16BWE>.
WARNING:PhysDesignRules:812 - Dangling pin <DOB6> on
   block:<U_ila_pro_0/U0/I_NO_D.U_ILA/U_CAPSTOR/I_CASE1.I_NO_TB.I_RT1.U_RAM/G_BR
   AM[1].U_BRAM/ram_rt1_s1_s32_if.ram_rt1_s1_s32_i>:<RAMB16BWE_RAMB16BWE>.
WARNING:PhysDesignRules:812 - Dangling pin <DOB7> on
   block:<U_ila_pro_0/U0/I_NO_D.U_ILA/U_CAPSTOR/I_CASE1.I_NO_TB.I_RT1.U_RAM/G_BR
   AM[1].U_BRAM/ram_rt1_s1_s32_if.ram_rt1_s1_s32_i>:<RAMB16BWE_RAMB16BWE>.
WARNING:PhysDesignRules:812 - Dangling pin <DOB8> on
   block:<U_ila_pro_0/U0/I_NO_D.U_ILA/U_CAPSTOR/I_CASE1.I_NO_TB.I_RT1.U_RAM/G_BR
   AM[1].U_BRAM/ram_rt1_s1_s32_if.ram_rt1_s1_s32_i>:<RAMB16BWE_RAMB16BWE>.
WARNING:PhysDesignRules:812 - Dangling pin <DOB9> on
   block:<U_ila_pro_0/U0/I_NO_D.U_ILA/U_CAPSTOR/I_CASE1.I_NO_TB.I_RT1.U_RAM/G_BR
   AM[1].U_BRAM/ram_rt1_s1_s32_if.ram_rt1_s1_s32_i>:<RAMB16BWE_RAMB16BWE>.
WARNING:PhysDesignRules:812 - Dangling pin <DOB10> on
   block:<U_ila_pro_0/U0/I_NO_D.U_ILA/U_CAPSTOR/I_CASE1.I_NO_TB.I_RT1.U_RAM/G_BR
   AM[1].U_BRAM/ram_rt1_s1_s32_if.ram_rt1_s1_s32_i>:<RAMB16BWE_RAMB16BWE>.
WARNING:PhysDesignRules:812 - Dangling pin <DOB11> on
   block:<U_ila_pro_0/U0/I_NO_D.U_ILA/U_CAPSTOR/I_CASE1.I_NO_TB.I_RT1.U_RAM/G_BR
   AM[1].U_BRAM/ram_rt1_s1_s32_if.ram_rt1_s1_s32_i>:<RAMB16BWE_RAMB16BWE>.
WARNING:PhysDesignRules:812 - Dangling pin <DOB12> on
   block:<U_ila_pro_0/U0/I_NO_D.U_ILA/U_CAPSTOR/I_CASE1.I_NO_TB.I_RT1.U_RAM/G_BR
   AM[1].U_BRAM/ram_rt1_s1_s32_if.ram_rt1_s1_s32_i>:<RAMB16BWE_RAMB16BWE>.
WARNING:PhysDesignRules:812 - Dangling pin <DOB13> on
   block:<U_ila_pro_0/U0/I_NO_D.U_ILA/U_CAPSTOR/I_CASE1.I_NO_TB.I_RT1.U_RAM/G_BR
   AM[1].U_BRAM/ram_rt1_s1_s32_if.ram_rt1_s1_s32_i>:<RAMB16BWE_RAMB16BWE>.
WARNING:PhysDesignRules:812 - Dangling pin <DOB14> on
   block:<U_ila_pro_0/U0/I_NO_D.U_ILA/U_CAPSTOR/I_CASE1.I_NO_TB.I_RT1.U_RAM/G_BR
   AM[1].U_BRAM/ram_rt1_s1_s32_if.ram_rt1_s1_s32_i>:<RAMB16BWE_RAMB16BWE>.
WARNING:PhysDesignRules:812 - Dangling pin <DOB15> on
   block:<U_ila_pro_0/U0/I_NO_D.U_ILA/U_CAPSTOR/I_CASE1.I_NO_TB.I_RT1.U_RAM/G_BR
   AM[1].U_BRAM/ram_rt1_s1_s32_if.ram_rt1_s1_s32_i>:<RAMB16BWE_RAMB16BWE>.
WARNING:PhysDesignRules:812 - Dangling pin <DOB16> on
   block:<U_ila_pro_0/U0/I_NO_D.U_ILA/U_CAPSTOR/I_CASE1.I_NO_TB.I_RT1.U_RAM/G_BR
   AM[1].U_BRAM/ram_rt1_s1_s32_if.ram_rt1_s1_s32_i>:<RAMB16BWE_RAMB16BWE>.
WARNING:PhysDesignRules:812 - Dangling pin <DOB17> on
   block:<U_ila_pro_0/U0/I_NO_D.U_ILA/U_CAPSTOR/I_CASE1.I_NO_TB.I_RT1.U_RAM/G_BR
   AM[1].U_BRAM/ram_rt1_s1_s32_if.ram_rt1_s1_s32_i>:<RAMB16BWE_RAMB16BWE>.
WARNING:PhysDesignRules:812 - Dangling pin <DOB18> on
   block:<U_ila_pro_0/U0/I_NO_D.U_ILA/U_CAPSTOR/I_CASE1.I_NO_TB.I_RT1.U_RAM/G_BR
   AM[1].U_BRAM/ram_rt1_s1_s32_if.ram_rt1_s1_s32_i>:<RAMB16BWE_RAMB16BWE>.
WARNING:PhysDesignRules:812 - Dangling pin <DOB19> on
   block:<U_ila_pro_0/U0/I_NO_D.U_ILA/U_CAPSTOR/I_CASE1.I_NO_TB.I_RT1.U_RAM/G_BR
   AM[1].U_BRAM/ram_rt1_s1_s32_if.ram_rt1_s1_s32_i>:<RAMB16BWE_RAMB16BWE>.
WARNING:PhysDesignRules:812 - Dangling pin <DOB20> on
   block:<U_ila_pro_0/U0/I_NO_D.U_ILA/U_CAPSTOR/I_CASE1.I_NO_TB.I_RT1.U_RAM/G_BR
   AM[1].U_BRAM/ram_rt1_s1_s32_if.ram_rt1_s1_s32_i>:<RAMB16BWE_RAMB16BWE>.
WARNING:PhysDesignRules:812 - Dangling pin <DOB21> on
   block:<U_ila_pro_0/U0/I_NO_D.U_ILA/U_CAPSTOR/I_CASE1.I_NO_TB.I_RT1.U_RAM/G_BR
   AM[1].U_BRAM/ram_rt1_s1_s32_if.ram_rt1_s1_s32_i>:<RAMB16BWE_RAMB16BWE>.
WARNING:PhysDesignRules:812 - Dangling pin <DOB22> on
   block:<U_ila_pro_0/U0/I_NO_D.U_ILA/U_CAPSTOR/I_CASE1.I_NO_TB.I_RT1.U_RAM/G_BR
   AM[1].U_BRAM/ram_rt1_s1_s32_if.ram_rt1_s1_s32_i>:<RAMB16BWE_RAMB16BWE>.
WARNING:PhysDesignRules:812 - Dangling pin <DOB23> on
   block:<U_ila_pro_0/U0/I_NO_D.U_ILA/U_CAPSTOR/I_CASE1.I_NO_TB.I_RT1.U_RAM/G_BR
   AM[1].U_BRAM/ram_rt1_s1_s32_if.ram_rt1_s1_s32_i>:<RAMB16BWE_RAMB16BWE>.
WARNING:PhysDesignRules:812 - Dangling pin <DOB24> on
   block:<U_ila_pro_0/U0/I_NO_D.U_ILA/U_CAPSTOR/I_CASE1.I_NO_TB.I_RT1.U_RAM/G_BR
   AM[1].U_BRAM/ram_rt1_s1_s32_if.ram_rt1_s1_s32_i>:<RAMB16BWE_RAMB16BWE>.
WARNING:PhysDesignRules:812 - Dangling pin <DOB25> on
   block:<U_ila_pro_0/U0/I_NO_D.U_ILA/U_CAPSTOR/I_CASE1.I_NO_TB.I_RT1.U_RAM/G_BR
   AM[1].U_BRAM/ram_rt1_s1_s32_if.ram_rt1_s1_s32_i>:<RAMB16BWE_RAMB16BWE>.
WARNING:PhysDesignRules:812 - Dangling pin <DOB26> on
   block:<U_ila_pro_0/U0/I_NO_D.U_ILA/U_CAPSTOR/I_CASE1.I_NO_TB.I_RT1.U_RAM/G_BR
   AM[1].U_BRAM/ram_rt1_s1_s32_if.ram_rt1_s1_s32_i>:<RAMB16BWE_RAMB16BWE>.
WARNING:PhysDesignRules:812 - Dangling pin <DOB27> on
   block:<U_ila_pro_0/U0/I_NO_D.U_ILA/U_CAPSTOR/I_CASE1.I_NO_TB.I_RT1.U_RAM/G_BR
   AM[1].U_BRAM/ram_rt1_s1_s32_if.ram_rt1_s1_s32_i>:<RAMB16BWE_RAMB16BWE>.
WARNING:PhysDesignRules:812 - Dangling pin <DOB28> on
   block:<U_ila_pro_0/U0/I_NO_D.U_ILA/U_CAPSTOR/I_CASE1.I_NO_TB.I_RT1.U_RAM/G_BR
   AM[1].U_BRAM/ram_rt1_s1_s32_if.ram_rt1_s1_s32_i>:<RAMB16BWE_RAMB16BWE>.
WARNING:PhysDesignRules:812 - Dangling pin <DOB29> on
   block:<U_ila_pro_0/U0/I_NO_D.U_ILA/U_CAPSTOR/I_CASE1.I_NO_TB.I_RT1.U_RAM/G_BR
   AM[1].U_BRAM/ram_rt1_s1_s32_if.ram_rt1_s1_s32_i>:<RAMB16BWE_RAMB16BWE>.
WARNING:PhysDesignRules:812 - Dangling pin <DOB30> on
   block:<U_ila_pro_0/U0/I_NO_D.U_ILA/U_CAPSTOR/I_CASE1.I_NO_TB.I_RT1.U_RAM/G_BR
   AM[1].U_BRAM/ram_rt1_s1_s32_if.ram_rt1_s1_s32_i>:<RAMB16BWE_RAMB16BWE>.
WARNING:PhysDesignRules:812 - Dangling pin <DOB31> on
   block:<U_ila_pro_0/U0/I_NO_D.U_ILA/U_CAPSTOR/I_CASE1.I_NO_TB.I_RT1.U_RAM/G_BR
   AM[1].U_BRAM/ram_rt1_s1_s32_if.ram_rt1_s1_s32_i>:<RAMB16BWE_RAMB16BWE>.
WARNING:PhysDesignRules:812 - Dangling pin <DOB0> on
   block:<U_ila_pro_0/U0/I_NO_D.U_ILA/U_CAPSTOR/I_CASE1.I_NO_TB.I_RT1.U_RAM/G_BR
   AM[0].U_BRAM/ram_rt1_s1_s32_if.ram_rt1_s1_s32_i>:<RAMB16BWE_RAMB16BWE>.
WARNING:PhysDesignRules:812 - Dangling pin <DOB1> on
   block:<U_ila_pro_0/U0/I_NO_D.U_ILA/U_CAPSTOR/I_CASE1.I_NO_TB.I_RT1.U_RAM/G_BR
   AM[0].U_BRAM/ram_rt1_s1_s32_if.ram_rt1_s1_s32_i>:<RAMB16BWE_RAMB16BWE>.
WARNING:PhysDesignRules:812 - Dangling pin <DOB2> on
   block:<U_ila_pro_0/U0/I_NO_D.U_ILA/U_CAPSTOR/I_CASE1.I_NO_TB.I_RT1.U_RAM/G_BR
   AM[0].U_BRAM/ram_rt1_s1_s32_if.ram_rt1_s1_s32_i>:<RAMB16BWE_RAMB16BWE>.
WARNING:PhysDesignRules:812 - Dangling pin <DOB3> on
   block:<U_ila_pro_0/U0/I_NO_D.U_ILA/U_CAPSTOR/I_CASE1.I_NO_TB.I_RT1.U_RAM/G_BR
   AM[0].U_BRAM/ram_rt1_s1_s32_if.ram_rt1_s1_s32_i>:<RAMB16BWE_RAMB16BWE>.
WARNING:PhysDesignRules:812 - Dangling pin <DOB4> on
   block:<U_ila_pro_0/U0/I_NO_D.U_ILA/U_CAPSTOR/I_CASE1.I_NO_TB.I_RT1.U_RAM/G_BR
   AM[0].U_BRAM/ram_rt1_s1_s32_if.ram_rt1_s1_s32_i>:<RAMB16BWE_RAMB16BWE>.
WARNING:PhysDesignRules:812 - Dangling pin <DOB5> on
   block:<U_ila_pro_0/U0/I_NO_D.U_ILA/U_CAPSTOR/I_CASE1.I_NO_TB.I_RT1.U_RAM/G_BR
   AM[0].U_BRAM/ram_rt1_s1_s32_if.ram_rt1_s1_s32_i>:<RAMB16BWE_RAMB16BWE>.
WARNING:PhysDesignRules:812 - Dangling pin <DOB6> on
   block:<U_ila_pro_0/U0/I_NO_D.U_ILA/U_CAPSTOR/I_CASE1.I_NO_TB.I_RT1.U_RAM/G_BR
   AM[0].U_BRAM/ram_rt1_s1_s32_if.ram_rt1_s1_s32_i>:<RAMB16BWE_RAMB16BWE>.
WARNING:PhysDesignRules:812 - Dangling pin <DOB7> on
   block:<U_ila_pro_0/U0/I_NO_D.U_ILA/U_CAPSTOR/I_CASE1.I_NO_TB.I_RT1.U_RAM/G_BR
   AM[0].U_BRAM/ram_rt1_s1_s32_if.ram_rt1_s1_s32_i>:<RAMB16BWE_RAMB16BWE>.
WARNING:PhysDesignRules:812 - Dangling pin <DOB8> on
   block:<U_ila_pro_0/U0/I_NO_D.U_ILA/U_CAPSTOR/I_CASE1.I_NO_TB.I_RT1.U_RAM/G_BR
   AM[0].U_BRAM/ram_rt1_s1_s32_if.ram_rt1_s1_s32_i>:<RAMB16BWE_RAMB16BWE>.
WARNING:PhysDesignRules:812 - Dangling pin <DOB9> on
   block:<U_ila_pro_0/U0/I_NO_D.U_ILA/U_CAPSTOR/I_CASE1.I_NO_TB.I_RT1.U_RAM/G_BR
   AM[0].U_BRAM/ram_rt1_s1_s32_if.ram_rt1_s1_s32_i>:<RAMB16BWE_RAMB16BWE>.
WARNING:PhysDesignRules:812 - Dangling pin <DOB10> on
   block:<U_ila_pro_0/U0/I_NO_D.U_ILA/U_CAPSTOR/I_CASE1.I_NO_TB.I_RT1.U_RAM/G_BR
   AM[0].U_BRAM/ram_rt1_s1_s32_if.ram_rt1_s1_s32_i>:<RAMB16BWE_RAMB16BWE>.
WARNING:PhysDesignRules:812 - Dangling pin <DOB11> on
   block:<U_ila_pro_0/U0/I_NO_D.U_ILA/U_CAPSTOR/I_CASE1.I_NO_TB.I_RT1.U_RAM/G_BR
   AM[0].U_BRAM/ram_rt1_s1_s32_if.ram_rt1_s1_s32_i>:<RAMB16BWE_RAMB16BWE>.
WARNING:PhysDesignRules:812 - Dangling pin <DOB12> on
   block:<U_ila_pro_0/U0/I_NO_D.U_ILA/U_CAPSTOR/I_CASE1.I_NO_TB.I_RT1.U_RAM/G_BR
   AM[0].U_BRAM/ram_rt1_s1_s32_if.ram_rt1_s1_s32_i>:<RAMB16BWE_RAMB16BWE>.
WARNING:PhysDesignRules:812 - Dangling pin <DOB13> on
   block:<U_ila_pro_0/U0/I_NO_D.U_ILA/U_CAPSTOR/I_CASE1.I_NO_TB.I_RT1.U_RAM/G_BR
   AM[0].U_BRAM/ram_rt1_s1_s32_if.ram_rt1_s1_s32_i>:<RAMB16BWE_RAMB16BWE>.
WARNING:PhysDesignRules:812 - Dangling pin <DOB14> on
   block:<U_ila_pro_0/U0/I_NO_D.U_ILA/U_CAPSTOR/I_CASE1.I_NO_TB.I_RT1.U_RAM/G_BR
   AM[0].U_BRAM/ram_rt1_s1_s32_if.ram_rt1_s1_s32_i>:<RAMB16BWE_RAMB16BWE>.
WARNING:PhysDesignRules:812 - Dangling pin <DOB15> on
   block:<U_ila_pro_0/U0/I_NO_D.U_ILA/U_CAPSTOR/I_CASE1.I_NO_TB.I_RT1.U_RAM/G_BR
   AM[0].U_BRAM/ram_rt1_s1_s32_if.ram_rt1_s1_s32_i>:<RAMB16BWE_RAMB16BWE>.
WARNING:PhysDesignRules:812 - Dangling pin <DOB16> on
   block:<U_ila_pro_0/U0/I_NO_D.U_ILA/U_CAPSTOR/I_CASE1.I_NO_TB.I_RT1.U_RAM/G_BR
   AM[0].U_BRAM/ram_rt1_s1_s32_if.ram_rt1_s1_s32_i>:<RAMB16BWE_RAMB16BWE>.
WARNING:PhysDesignRules:812 - Dangling pin <DOB17> on
   block:<U_ila_pro_0/U0/I_NO_D.U_ILA/U_CAPSTOR/I_CASE1.I_NO_TB.I_RT1.U_RAM/G_BR
   AM[0].U_BRAM/ram_rt1_s1_s32_if.ram_rt1_s1_s32_i>:<RAMB16BWE_RAMB16BWE>.
WARNING:PhysDesignRules:812 - Dangling pin <DOB18> on
   block:<U_ila_pro_0/U0/I_NO_D.U_ILA/U_CAPSTOR/I_CASE1.I_NO_TB.I_RT1.U_RAM/G_BR
   AM[0].U_BRAM/ram_rt1_s1_s32_if.ram_rt1_s1_s32_i>:<RAMB16BWE_RAMB16BWE>.
WARNING:PhysDesignRules:812 - Dangling pin <DOB19> on
   block:<U_ila_pro_0/U0/I_NO_D.U_ILA/U_CAPSTOR/I_CASE1.I_NO_TB.I_RT1.U_RAM/G_BR
   AM[0].U_BRAM/ram_rt1_s1_s32_if.ram_rt1_s1_s32_i>:<RAMB16BWE_RAMB16BWE>.
WARNING:PhysDesignRules:812 - Dangling pin <DOB20> on
   block:<U_ila_pro_0/U0/I_NO_D.U_ILA/U_CAPSTOR/I_CASE1.I_NO_TB.I_RT1.U_RAM/G_BR
   AM[0].U_BRAM/ram_rt1_s1_s32_if.ram_rt1_s1_s32_i>:<RAMB16BWE_RAMB16BWE>.
WARNING:PhysDesignRules:812 - Dangling pin <DOB21> on
   block:<U_ila_pro_0/U0/I_NO_D.U_ILA/U_CAPSTOR/I_CASE1.I_NO_TB.I_RT1.U_RAM/G_BR
   AM[0].U_BRAM/ram_rt1_s1_s32_if.ram_rt1_s1_s32_i>:<RAMB16BWE_RAMB16BWE>.
WARNING:PhysDesignRules:812 - Dangling pin <DOB22> on
   block:<U_ila_pro_0/U0/I_NO_D.U_ILA/U_CAPSTOR/I_CASE1.I_NO_TB.I_RT1.U_RAM/G_BR
   AM[0].U_BRAM/ram_rt1_s1_s32_if.ram_rt1_s1_s32_i>:<RAMB16BWE_RAMB16BWE>.
WARNING:PhysDesignRules:812 - Dangling pin <DOB23> on
   block:<U_ila_pro_0/U0/I_NO_D.U_ILA/U_CAPSTOR/I_CASE1.I_NO_TB.I_RT1.U_RAM/G_BR
   AM[0].U_BRAM/ram_rt1_s1_s32_if.ram_rt1_s1_s32_i>:<RAMB16BWE_RAMB16BWE>.
WARNING:PhysDesignRules:812 - Dangling pin <DOB24> on
   block:<U_ila_pro_0/U0/I_NO_D.U_ILA/U_CAPSTOR/I_CASE1.I_NO_TB.I_RT1.U_RAM/G_BR
   AM[0].U_BRAM/ram_rt1_s1_s32_if.ram_rt1_s1_s32_i>:<RAMB16BWE_RAMB16BWE>.
WARNING:PhysDesignRules:812 - Dangling pin <DOB25> on
   block:<U_ila_pro_0/U0/I_NO_D.U_ILA/U_CAPSTOR/I_CASE1.I_NO_TB.I_RT1.U_RAM/G_BR
   AM[0].U_BRAM/ram_rt1_s1_s32_if.ram_rt1_s1_s32_i>:<RAMB16BWE_RAMB16BWE>.
WARNING:PhysDesignRules:812 - Dangling pin <DOB26> on
   block:<U_ila_pro_0/U0/I_NO_D.U_ILA/U_CAPSTOR/I_CASE1.I_NO_TB.I_RT1.U_RAM/G_BR
   AM[0].U_BRAM/ram_rt1_s1_s32_if.ram_rt1_s1_s32_i>:<RAMB16BWE_RAMB16BWE>.
WARNING:PhysDesignRules:812 - Dangling pin <DOB27> on
   block:<U_ila_pro_0/U0/I_NO_D.U_ILA/U_CAPSTOR/I_CASE1.I_NO_TB.I_RT1.U_RAM/G_BR
   AM[0].U_BRAM/ram_rt1_s1_s32_if.ram_rt1_s1_s32_i>:<RAMB16BWE_RAMB16BWE>.
WARNING:PhysDesignRules:812 - Dangling pin <DOB28> on
   block:<U_ila_pro_0/U0/I_NO_D.U_ILA/U_CAPSTOR/I_CASE1.I_NO_TB.I_RT1.U_RAM/G_BR
   AM[0].U_BRAM/ram_rt1_s1_s32_if.ram_rt1_s1_s32_i>:<RAMB16BWE_RAMB16BWE>.
WARNING:PhysDesignRules:812 - Dangling pin <DOB29> on
   block:<U_ila_pro_0/U0/I_NO_D.U_ILA/U_CAPSTOR/I_CASE1.I_NO_TB.I_RT1.U_RAM/G_BR
   AM[0].U_BRAM/ram_rt1_s1_s32_if.ram_rt1_s1_s32_i>:<RAMB16BWE_RAMB16BWE>.
WARNING:PhysDesignRules:812 - Dangling pin <DOB30> on
   block:<U_ila_pro_0/U0/I_NO_D.U_ILA/U_CAPSTOR/I_CASE1.I_NO_TB.I_RT1.U_RAM/G_BR
   AM[0].U_BRAM/ram_rt1_s1_s32_if.ram_rt1_s1_s32_i>:<RAMB16BWE_RAMB16BWE>.
WARNING:PhysDesignRules:812 - Dangling pin <DOB31> on
   block:<U_ila_pro_0/U0/I_NO_D.U_ILA/U_CAPSTOR/I_CASE1.I_NO_TB.I_RT1.U_RAM/G_BR
   AM[0].U_BRAM/ram_rt1_s1_s32_if.ram_rt1_s1_s32_i>:<RAMB16BWE_RAMB16BWE>.

Section 3 - Informational
-------------------------
INFO:Map:113 - input buffer 'CpuA_i_0_IBUF' driving design level port
   'CpuA_i<0>' is being pushed into module 'Host1/CPU' to enable I/O register
   usage. The buffer has been renamed as 'Host1/CPU/CpuA_i_0_IBUF'.
INFO:Map:113 - input buffer 'CpuA_i_1_IBUF' driving design level port
   'CpuA_i<1>' is being pushed into module 'Host1/CPU' to enable I/O register
   usage. The buffer has been renamed as 'Host1/CPU/CpuA_i_1_IBUF'.
INFO:Map:113 - input buffer 'CpuA_i_2_IBUF' driving design level port
   'CpuA_i<2>' is being pushed into module 'Host1/CPU' to enable I/O register
   usage. The buffer has been renamed as 'Host1/CPU/CpuA_i_2_IBUF'.
INFO:Map:113 - input buffer 'CpuA_i_3_IBUF' driving design level port
   'CpuA_i<3>' is being pushed into module 'Host1/CPU' to enable I/O register
   usage. The buffer has been renamed as 'Host1/CPU/CpuA_i_3_IBUF'.
INFO:Map:113 - input buffer 'CpuA_i_4_IBUF' driving design level port
   'CpuA_i<4>' is being pushed into module 'Host1/CPU' to enable I/O register
   usage. The buffer has been renamed as 'Host1/CPU/CpuA_i_4_IBUF'.
INFO:Map:113 - input buffer 'CpuA_i_5_IBUF' driving design level port
   'CpuA_i<5>' is being pushed into module 'Host1/CPU' to enable I/O register
   usage. The buffer has been renamed as 'Host1/CPU/CpuA_i_5_IBUF'.
INFO:Map:113 - input buffer 'CpuA_i_6_IBUF' driving design level port
   'CpuA_i<6>' is being pushed into module 'Host1/CPU' to enable I/O register
   usage. The buffer has been renamed as 'Host1/CPU/CpuA_i_6_IBUF'.
INFO:Map:113 - input buffer 'CpuA_i_7_IBUF' driving design level port
   'CpuA_i<7>' is being pushed into module 'Host1/CPU' to enable I/O register
   usage. The buffer has been renamed as 'Host1/CPU/CpuA_i_7_IBUF'.
INFO:Map:113 - input buffer 'CpuA_i_8_IBUF' driving design level port
   'CpuA_i<8>' is being pushed into module 'Host1/CPU' to enable I/O register
   usage. The buffer has been renamed as 'Host1/CPU/CpuA_i_8_IBUF'.
INFO:Map:113 - input buffer 'CpuA_i_9_IBUF' driving design level port
   'CpuA_i<9>' is being pushed into module 'Host1/CPU' to enable I/O register
   usage. The buffer has been renamed as 'Host1/CPU/CpuA_i_9_IBUF'.
INFO:LIT:243 - Logical network cti_o<0> has no load.
INFO:LIT:395 - The above info message is repeated 5 more times for the following
   (max. 5 shown):
   cti_o<1>,
   cti_o<2>,
   err_o<1>,
   rty_i,
   rty_o<1>
   To see the details of these info messages, please use the -detail switch.
INFO:LIT:244 - All of the single ended outputs in this design are using slew
   rate limited output drivers. The delay on speed critical single ended outputs
   can be dramatically reduced by designating them as fast outputs.
INFO:PhysDesignRules:772 - To achieve optimal frequency synthesis performance
   with the CLKFX and CLKFX180 outputs of the DCM comp Syscon1/DCM_Sys/DCM_SP,
   consult the device Interactive Data Sheet.

Section 4 - Removed Logic Summary
---------------------------------
  16 block(s) removed
  58 block(s) optimized away
   6 signal(s) removed

Section 5 - Removed Logic
-------------------------

The trimmed logic report below shows the logic removed from your design due to
sourceless or loadless signals, and VCC or ground connections.  If the removal
of a signal or symbol results in the subsequent removal of an additional signal
or symbol, the message explaining that second removal will be indented.  This
indentation will be repeated as a chain of related logic is removed.

To quickly locate the original cause for the removal of a chain of logic, look
above the place where that logic is listed in the trimming report, then locate
the lines that are least indented (begin at the leftmost edge).

Loadless block "U_icon_pro/U0/U_ICON/U_CMD/U_CORE_ID_SEL/I4.FI[10].U_LUT" (ROM)
removed.
Loadless block "U_icon_pro/U0/U_ICON/U_CMD/U_CORE_ID_SEL/I4.FI[11].U_LUT" (ROM)
removed.
Loadless block "U_icon_pro/U0/U_ICON/U_CMD/U_CORE_ID_SEL/I4.FI[12].U_LUT" (ROM)
removed.
Loadless block "U_icon_pro/U0/U_ICON/U_CMD/U_CORE_ID_SEL/I4.FI[13].U_LUT" (ROM)
removed.
Loadless block "U_icon_pro/U0/U_ICON/U_CMD/U_CORE_ID_SEL/I4.FI[14].U_LUT" (ROM)
removed.
Loadless block "U_icon_pro/U0/U_ICON/U_CMD/U_CORE_ID_SEL/I4.FI[1].U_LUT" (ROM)
removed.
Loadless block "U_icon_pro/U0/U_ICON/U_CMD/U_CORE_ID_SEL/I4.FI[2].U_LUT" (ROM)
removed.
Loadless block "U_icon_pro/U0/U_ICON/U_CMD/U_CORE_ID_SEL/I4.FI[3].U_LUT" (ROM)
removed.
Loadless block "U_icon_pro/U0/U_ICON/U_CMD/U_CORE_ID_SEL/I4.FI[4].U_LUT" (ROM)
removed.
Loadless block "U_icon_pro/U0/U_ICON/U_CMD/U_CORE_ID_SEL/I4.FI[5].U_LUT" (ROM)
removed.
Loadless block "U_icon_pro/U0/U_ICON/U_CMD/U_CORE_ID_SEL/I4.FI[6].U_LUT" (ROM)
removed.
Loadless block "U_icon_pro/U0/U_ICON/U_CMD/U_CORE_ID_SEL/I4.FI[7].U_LUT" (ROM)
removed.
Loadless block "U_icon_pro/U0/U_ICON/U_CMD/U_CORE_ID_SEL/I4.FI[8].U_LUT" (ROM)
removed.
Loadless block "U_icon_pro/U0/U_ICON/U_CMD/U_CORE_ID_SEL/I4.FI[9].U_LUT" (ROM)
removed.
Loadless block "U_ila_pro_0/U0/I_NO_D.U_ILA/U_STAT/U_DSR" (ROM) removed.
Loadless block "U_ila_pro_0/U0/I_NO_D.U_ILA/U_TRIG/U_TC/I_STORAGE_QUAL.U_CAP_B"
(ROM) removed.

The trimmed logic reported below is either:
   1. part of a cycle
   2. part of disabled logic
   3. a side-effect of other trimmed logic

The signal "cti_o<0>" is unused and has been removed.
The signal "cti_o<1>" is unused and has been removed.
The signal "cti_o<2>" is unused and has been removed.
The signal "err_o<1>" is unused and has been removed.
The signal "rty_i" is unused and has been removed.
The signal "rty_o<1>" is unused and has been removed.

Optimized Block(s):
TYPE 		BLOCK
GND 		U_icon_pro/XST_GND
VCC 		U_icon_pro/XST_VCC
GND 		U_ila_pro_0/XST_GND
VCC 		U_ila_pro_0/XST_VCC
GND 		XST_GND
GND 		Intercon1/XST_GND
VCC 		Intercon1/XST_VCC
GND 		Syscon1/XST_GND
VCC 		Syscon1/XST_VCC

To enable printing of redundant blocks removed and signals merged, set the
detailed map report option and rerun map.

Section 6 - IOB Properties
--------------------------

+-------------------------------------------------------------------------------------------------------------------------------------------------------------------------------+
| IOB Name                           | Type             | Direction | IO Standard          | Diff  | Drive    | Slew    | Reg (s)      | Resistor | IBUF/IFD | SUSPEND          |
|                                    |                  |           |                      | Term  | Strength | Rate    |              |          | Delay    |                  |
+-------------------------------------------------------------------------------------------------------------------------------------------------------------------------------+
| Abus_En                            | IOB              | OUTPUT    | LVCMOS33             |       | 12       | SLOW    |              |          | 0 / 0    | 3STATE           |
| Clock                              | IBUF             | INPUT     | LVCMOS33             |       |          |         |              |          | 0 / 0    |                  |
| CpuA_i<0>                          | IBUF             | INPUT     | LVCMOS33             |       |          |         |              |          | 0 / 0    |                  |
| CpuA_i<1>                          | IBUF             | INPUT     | LVCMOS33             |       |          |         |              |          | 0 / 0    |                  |
| CpuA_i<2>                          | IBUF             | INPUT     | LVCMOS33             |       |          |         |              |          | 0 / 0    |                  |
| CpuA_i<3>                          | IBUF             | INPUT     | LVCMOS33             |       |          |         |              |          | 0 / 0    |                  |
| CpuA_i<4>                          | IBUF             | INPUT     | LVCMOS33             |       |          |         |              |          | 0 / 0    |                  |
| CpuA_i<5>                          | IBUF             | INPUT     | LVCMOS33             |       |          |         |              |          | 0 / 0    |                  |
| CpuA_i<6>                          | IBUF             | INPUT     | LVCMOS33             |       |          |         |              |          | 0 / 0    |                  |
| CpuA_i<7>                          | IBUF             | INPUT     | LVCMOS33             |       |          |         |              | PULLDOWN | 0 / 0    |                  |
| CpuA_i<8>                          | IBUF             | INPUT     | LVCMOS33             |       |          |         |              | PULLUP   | 0 / 0    |                  |
| CpuA_i<9>                          | IBUF             | INPUT     | LVCMOS33             |       |          |         |              | PULLDOWN | 0 / 0    |                  |
| CpuD<0>                            | IOB              | BIDIR     | LVCMOS33             |       | 12       | SLOW    |              |          | 0 / 0    | 3STATE           |
| CpuD<1>                            | IOB              | BIDIR     | LVCMOS33             |       | 12       | SLOW    |              |          | 0 / 0    | 3STATE           |
| CpuD<2>                            | IOB              | BIDIR     | LVCMOS33             |       | 12       | SLOW    |              |          | 0 / 0    | 3STATE           |
| CpuD<3>                            | IOB              | BIDIR     | LVCMOS33             |       | 12       | SLOW    |              |          | 0 / 0    | 3STATE           |
| CpuD<4>                            | IOB              | BIDIR     | LVCMOS33             |       | 12       | SLOW    |              |          | 0 / 0    | 3STATE           |
| CpuD<5>                            | IOB              | BIDIR     | LVCMOS33             |       | 12       | SLOW    |              |          | 0 / 0    | 3STATE           |
| CpuD<6>                            | IOB              | BIDIR     | LVCMOS33             |       | 12       | SLOW    |              |          | 0 / 0    | 3STATE           |
| CpuD<7>                            | IOB              | BIDIR     | LVCMOS33             |       | 12       | SLOW    |              |          | 0 / 0    | 3STATE           |
| CpuD<8>                            | IOB              | BIDIR     | LVCMOS33             |       | 12       | SLOW    |              |          | 0 / 0    | 3STATE           |
| CpuD<9>                            | IOB              | BIDIR     | LVCMOS33             |       | 12       | SLOW    |              |          | 0 / 0    | 3STATE           |
| CpuD<10>                           | IOB              | BIDIR     | LVCMOS33             |       | 12       | SLOW    |              |          | 0 / 0    | 3STATE           |
| CpuD<11>                           | IOB              | BIDIR     | LVCMOS33             |       | 12       | SLOW    |              |          | 0 / 0    | 3STATE           |
| CpuD<12>                           | IOB              | BIDIR     | LVCMOS33             |       | 12       | SLOW    |              |          | 0 / 0    | 3STATE           |
| CpuD<13>                           | IOB              | BIDIR     | LVCMOS33             |       | 12       | SLOW    |              |          | 0 / 0    | 3STATE           |
| CpuD<14>                           | IOB              | BIDIR     | LVCMOS33             |       | 12       | SLOW    |              |          | 0 / 0    | 3STATE           |
| CpuD<15>                           | IOB              | BIDIR     | LVCMOS33             |       | 12       | SLOW    |              |          | 0 / 0    | 3STATE           |
| Dbus_En                            | IOB              | OUTPUT    | LVCMOS33             |       | 12       | SLOW    |              |          | 0 / 0    | 3STATE           |
| Port_o<0>                          | IOB              | OUTPUT    | LVCMOS33             |       | 12       | SLOW    |              |          | 0 / 0    | 3STATE           |
| Port_o<1>                          | IOB              | OUTPUT    | LVCMOS33             |       | 12       | SLOW    |              |          | 0 / 0    | 3STATE           |
| Port_o<2>                          | IOB              | OUTPUT    | LVCMOS33             |       | 12       | SLOW    |              |          | 0 / 0    | 3STATE           |
| Port_o<3>                          | IOB              | OUTPUT    | LVCMOS33             |       | 12       | SLOW    |              |          | 0 / 0    | 3STATE           |
| Rst_i                              | IBUF             | INPUT     | LVCMOS33             |       |          |         |              |          | 0 / 0    |                  |
| nCpuCs_i                           | IBUF             | INPUT     | LVCMOS33             |       |          |         |              |          | 0 / 0    |                  |
| nCpuRd_i                           | IBUF             | INPUT     | LVCMOS33             |       |          |         |              |          | 0 / 0    |                  |
| nCpuWr_i                           | IBUF             | INPUT     | LVCMOS33             |       |          |         |              |          | 0 / 0    |                  |
+-------------------------------------------------------------------------------------------------------------------------------------------------------------------------------+

Section 7 - RPMs
----------------
U_ila_pro_0/U0_I_NO_D.U_ILA/U_G2_SQ.U_CAPCTRL_I_SRLT_NE_1.U_CDONE_MSET
U_ila_pro_0/U0_I_NO_D.U_ILA/U_G2_SQ.U_CAPCTRL_I_SRLT_NE_1.U_CMPRESET_MSET
U_ila_pro_0/U0_I_NO_D.U_ILA/U_G2_SQ.U_CAPCTRL_I_SRLT_NE_1.U_NS0_MSET
U_ila_pro_0/U0_I_NO_D.U_ILA/U_G2_SQ.U_CAPCTRL_I_SRLT_NE_1.U_NS1_MSET
U_ila_pro_0/U0_I_NO_D.U_ILA/U_G2_SQ.U_CAPCTRL_I_SRLT_NE_1.U_SCMPCE_MSET
U_ila_pro_0/U0_I_NO_D.U_ILA/U_G2_SQ.U_CAPCTRL_I_SRLT_NE_1.U_SCRST_MSET
U_ila_pro_0/U0_I_NO_D.U_ILA/U_G2_SQ.U_CAPCTRL_I_SRLT_NE_1.U_WHCMPCE_MSET
U_ila_pro_0/U0_I_NO_D.U_ILA/U_G2_SQ.U_CAPCTRL_I_SRLT_NE_1.U_WLCMPCE_MSET
U_ila_pro_0/U0_I_NO_D.U_ILA/U_G2_SQ.U_CAPCTRL_U_CAP_ADDRGEN_U_SCNT_CMP_I_SRL16.U
_GAND_SRL16_MSET
U_ila_pro_0/U0_I_NO_D.U_ILA/U_G2_SQ.U_CAPCTRL_U_CAP_ADDRGEN_U_WCNT_HCMP_I_SRL16.
U_GAND_SRL16_MSET
U_ila_pro_0/U0_I_NO_D.U_ILA/U_G2_SQ.U_CAPCTRL_U_CAP_ADDRGEN_U_WCNT_LCMP_I_SRL16.
U_GAND_SRL16_MSET
U_ila_pro_0/U0_I_NO_D.U_ILA/U_TRIG/U_TM/G_NMU[0].U_M/U_MU/I_MUT_GAND.U_match/I_S
RL16.U_GAND_SRL16_MSET
U_ila_pro_0/U0_I_NO_D.U_ILA/U_TRIG/U_TM/G_NMU[1].U_M/U_MU/I_MUT_GAND.U_match/I_S
RL16.U_GAND_SRL16_MSET
U_ila_pro_0/U0_I_NO_D.U_ILA/U_TRIG/U_TM/G_NMU[2].U_M/U_MU/I_MUT_GAND.U_match/I_S
RL16.U_GAND_SRL16_MSET
U_ila_pro_0/U0_I_NO_D.U_ILA/U_TRIG/U_TM/G_NMU[3].U_M/U_MU/I_MUT_GAND.U_match/I_S
RL16.U_GAND_SRL16_MSET
U_ila_pro_0/U0_I_NO_D.U_ILA/U_TRIG/U_TM/G_NMU[4].U_M/U_MU/I_MUT_GAND.U_match/I_S
RL16.U_GAND_SRL16_MSET
U_ila_pro_0/U0_I_NO_D.U_ILA/U_TRIG/U_TM/G_NMU[5].U_M/U_MU/I_MUT_GAND.U_match/I_S
RL16.U_GAND_SRL16_MSET

Section 8 - Guide Report
------------------------
Guide not run on this design.

Section 9 - Area Group and Partition Summary
--------------------------------------------

Partition Implementation Status
-------------------------------

  No Partitions were found in this design.

-------------------------------

Area Group Information
----------------------

  No area groups were found in this design.

----------------------

Section 10 - Timing Report
--------------------------
This design was not run using timing mode.

Section 11 - Configuration String Details
-----------------------------------------
Use the "-detail" map option to print out Configuration Strings

Section 12 - Control Set Information
------------------------------------
No control set information for this architecture.

Section 13 - Utilization by Hierarchy
-------------------------------------
Use the "-detail" map option to print out the Utilization by Hierarchy section.
