Command line:
   tb_bfm_isim_beh.exe
     -simmode  gui
     -simrunnum  0
     -socket  2108

Wed Apr 27 10:49:12 2011


 Elaboration Time: 0.296875 sec

 Current Memory Usage: 314.241 Meg

 Total Signals          : 399
 Total Nets             : 643
 Total Signal Drivers   : 190
 Total Blocks           : 24
 Total Primitive Blocks : 18
 Total Processes        : 127
 Total Traceable Variables  : 178
 Total Scalar Nets and Variables : 5436

** Failure:*** Simulation END ***
User(VHDL) Code Called Simulation Stop
In process tb_ARM_BFM.vhd:TRANPROC 
 


 Total Simulation Time: 0.390625 sec

 Current Memory Usage: 314.241 Meg

Thu Apr 28 07:13:34 2011

